# JRE version: Java(TM) SE Runtime Environment (8.0_271-b09) (build 1.8.0_271-b09)
# Java VM: Java HotSpot(TM) 64-Bit Server VM (25.271-b09 mixed mode windows-amd64 compressed oops)
Heap:
 PSYoungGen      total 255488K, used 103600K [0x00000000eab00000, 0x00000000fb500000, 0x0000000100000000)
  eden space 242688K, 42% used [0x00000000eab00000,0x00000000f102c358,0x00000000f9800000)
  from space 12800K, 0% used [0x00000000fa880000,0x00000000fa880000,0x00000000fb500000)
  to   space 14848K, 0% used [0x00000000f9800000,0x00000000f9800000,0x00000000fa680000)
 ParOldGen       total 111104K, used 14633K [0x00000000c0000000, 0x00000000c6c80000, 0x00000000eab00000)
  object space 111104K, 13% used [0x00000000c0000000,0x00000000c0e4a5f0,0x00000000c6c80000)
 Metaspace       used 39913K, capacity 41376K, committed 41472K, reserved 1085440K
  class space    used 5522K, capacity 5848K, committed 5888K, reserved 1048576K
GC Heap History (10 events):
Event: 2.049 GC heap before
{Heap before GC invocations=4 (full 0):
 PSYoungGen      total 76288K, used 12736K [0x00000000eab00000, 0x00000000f4000000, 0x0000000100000000)
  eden space 65536K, 3% used [0x00000000eab00000,0x00000000eacf3690,0x00000000eeb00000)
  from space 10752K, 99% used [0x00000000eeb00000,0x00000000ef57cbe0,0x00000000ef580000)
  to   space 10752K, 0% used [0x00000000f3580000,0x00000000f3580000,0x00000000f4000000)
 ParOldGen       total 175104K, used 941K [0x00000000c0000000, 0x00000000cab00000, 0x00000000eab00000)
  object space 175104K, 0% used [0x00000000c0000000,0x00000000c00eb428,0x00000000cab00000)
 Metaspace       used 20471K, capacity 21158K, committed 21296K, reserved 1067008K
  class space    used 2925K, capacity 3123K, committed 3200K, reserved 1048576K
Event: 2.054 GC heap after
Heap after GC invocations=4 (full 0):
 PSYoungGen      total 141824K, used 6896K [0x00000000eab00000, 0x00000000f4000000, 0x0000000100000000)
  eden space 131072K, 0% used [0x00000000eab00000,0x00000000eab00000,0x00000000f2b00000)
  from space 10752K, 64% used [0x00000000f3580000,0x00000000f3c3c040,0x00000000f4000000)
  to   space 10752K, 0% used [0x00000000f2b00000,0x00000000f2b00000,0x00000000f3580000)
 ParOldGen       total 175104K, used 949K [0x00000000c0000000, 0x00000000cab00000, 0x00000000eab00000)
  object space 175104K, 0% used [0x00000000c0000000,0x00000000c00ed428,0x00000000cab00000)
 Metaspace       used 20471K, capacity 21158K, committed 21296K, reserved 1067008K
  class space    used 2925K, capacity 3123K, committed 3200K, reserved 1048576K
}
Event: 2.054 GC heap before
{Heap before GC invocations=5 (full 1):
 PSYoungGen      total 141824K, used 6896K [0x00000000eab00000, 0x00000000f4000000, 0x0000000100000000)
  eden space 131072K, 0% used [0x00000000eab00000,0x00000000eab00000,0x00000000f2b00000)
  from space 10752K, 64% used [0x00000000f3580000,0x00000000f3c3c040,0x00000000f4000000)
  to   space 10752K, 0% used [0x00000000f2b00000,0x00000000f2b00000,0x00000000f3580000)
 ParOldGen       total 175104K, used 949K [0x00000000c0000000, 0x00000000cab00000, 0x00000000eab00000)
  object space 175104K, 0% used [0x00000000c0000000,0x00000000c00ed428,0x00000000cab00000)
 Metaspace       used 20471K, capacity 21158K, committed 21296K, reserved 1067008K
  class space    used 2925K, capacity 3123K, committed 3200K, reserved 1048576K
Event: 2.078 GC heap after
Heap after GC invocations=5 (full 1):
 PSYoungGen      total 141824K, used 0K [0x00000000eab00000, 0x00000000f4000000, 0x0000000100000000)
  eden space 131072K, 0% used [0x00000000eab00000,0x00000000eab00000,0x00000000f2b00000)
  from space 10752K, 0% used [0x00000000f3580000,0x00000000f3580000,0x00000000f4000000)
  to   space 10752K, 0% used [0x00000000f2b00000,0x00000000f2b00000,0x00000000f3580000)
 ParOldGen       total 80896K, used 6780K [0x00000000c0000000, 0x00000000c4f00000, 0x00000000eab00000)
  object space 80896K, 8% used [0x00000000c0000000,0x00000000c069f0a8,0x00000000c4f00000)
 Metaspace       used 20471K, capacity 21158K, committed 21296K, reserved 1067008K
  class space    used 2925K, capacity 3123K, committed 3200K, reserved 1048576K
}
Event: 3.028 GC heap before
{Heap before GC invocations=6 (full 1):
 PSYoungGen      total 141824K, used 131072K [0x00000000eab00000, 0x00000000f4000000, 0x0000000100000000)
  eden space 131072K, 100% used [0x00000000eab00000,0x00000000f2b00000,0x00000000f2b00000)
  from space 10752K, 0% used [0x00000000f3580000,0x00000000f3580000,0x00000000f4000000)
  to   space 10752K, 0% used [0x00000000f2b00000,0x00000000f2b00000,0x00000000f3580000)
 ParOldGen       total 80896K, used 6780K [0x00000000c0000000, 0x00000000c4f00000, 0x00000000eab00000)
  object space 80896K, 8% used [0x00000000c0000000,0x00000000c069f0a8,0x00000000c4f00000)
 Metaspace       used 32809K, capacity 33870K, committed 34048K, reserved 1079296K
  class space    used 4532K, capacity 4784K, committed 4864K, reserved 1048576K
Event: 3.038 GC heap after
Heap after GC invocations=6 (full 1):
 PSYoungGen      total 141824K, used 10727K [0x00000000eab00000, 0x00000000fb780000, 0x0000000100000000)
  eden space 131072K, 0% used [0x00000000eab00000,0x00000000eab00000,0x00000000f2b00000)
  from space 10752K, 99% used [0x00000000f2b00000,0x00000000f3579f20,0x00000000f3580000)
  to   space 15360K, 0% used [0x00000000fa880000,0x00000000fa880000,0x00000000fb780000)
 ParOldGen       total 80896K, used 8968K [0x00000000c0000000, 0x00000000c4f00000, 0x00000000eab00000)
  object space 80896K, 11% used [0x00000000c0000000,0x00000000c08c23f0,0x00000000c4f00000)
 Metaspace       used 32809K, capacity 33870K, committed 34048K, reserved 1079296K
  class space    used 4532K, capacity 4784K, committed 4864K, reserved 1048576K
}
Event: 3.254 GC heap before
{Heap before GC invocations=7 (full 1):
 PSYoungGen      total 141824K, used 47196K [0x00000000eab00000, 0x00000000fb780000, 0x0000000100000000)
  eden space 131072K, 27% used [0x00000000eab00000,0x00000000ece9d138,0x00000000f2b00000)
  from space 10752K, 99% used [0x00000000f2b00000,0x00000000f3579f20,0x00000000f3580000)
  to   space 15360K, 0% used [0x00000000fa880000,0x00000000fa880000,0x00000000fb780000)
 ParOldGen       total 80896K, used 8968K [0x00000000c0000000, 0x00000000c4f00000, 0x00000000eab00000)
  object space 80896K, 11% used [0x00000000c0000000,0x00000000c08c23f0,0x00000000c4f00000)
 Metaspace       used 34231K, capacity 35370K, committed 35496K, reserved 1079296K
  class space    used 4729K, capacity 5007K, committed 5120K, reserved 1048576K
Event: 3.263 GC heap after
Heap after GC invocations=7 (full 1):
 PSYoungGen      total 255488K, used 8129K [0x00000000eab00000, 0x00000000fb500000, 0x0000000100000000)
  eden space 242688K, 0% used [0x00000000eab00000,0x00000000eab00000,0x00000000f9800000)
  from space 12800K, 63% used [0x00000000fa880000,0x00000000fb070528,0x00000000fb500000)
  to   space 14848K, 0% used [0x00000000f9800000,0x00000000f9800000,0x00000000fa680000)
 ParOldGen       total 80896K, used 8976K [0x00000000c0000000, 0x00000000c4f00000, 0x00000000eab00000)
  object space 80896K, 11% used [0x00000000c0000000,0x00000000c08c43f0,0x00000000c4f00000)
 Metaspace       used 34231K, capacity 35370K, committed 35496K, reserved 1079296K
  class space    used 4729K, capacity 5007K, committed 5120K, reserved 1048576K
}
Event: 3.263 GC heap before
{Heap before GC invocations=8 (full 2):
 PSYoungGen      total 255488K, used 8129K [0x00000000eab00000, 0x00000000fb500000, 0x0000000100000000)
  eden space 242688K, 0% used [0x00000000eab00000,0x00000000eab00000,0x00000000f9800000)
  from space 12800K, 63% used [0x00000000fa880000,0x00000000fb070528,0x00000000fb500000)
  to   space 14848K, 0% used [0x00000000f9800000,0x00000000f9800000,0x00000000fa680000)
 ParOldGen       total 80896K, used 8976K [0x00000000c0000000, 0x00000000c4f00000, 0x00000000eab00000)
  object space 80896K, 11% used [0x00000000c0000000,0x00000000c08c43f0,0x00000000c4f00000)
 Metaspace       used 34231K, capacity 35370K, committed 35496K, reserved 1079296K
  class space    used 4729K, capacity 5007K, committed 5120K, reserved 1048576K
Event: 3.312 GC heap after
Heap after GC invocations=8 (full 2):
 PSYoungGen      total 255488K, used 0K [0x00000000eab00000, 0x00000000fb500000, 0x0000000100000000)
  eden space 242688K, 0% used [0x00000000eab00000,0x00000000eab00000,0x00000000f9800000)
  from space 12800K, 0% used [0x00000000fa880000,0x00000000fa880000,0x00000000fb500000)
  to   space 14848K, 0% used [0x00000000f9800000,0x00000000f9800000,0x00000000fa680000)
 ParOldGen       total 111104K, used 14633K [0x00000000c0000000, 0x00000000c6c80000, 0x00000000eab00000)
  object space 111104K, 13% used [0x00000000c0000000,0x00000000c0e4a5f0,0x00000000c6c80000)
 Metaspace       used 34231K, capacity 35370K, committed 35496K, reserved 1079296K
  class space    used 4729K, capacity 5007K, committed 5120K, reserved 1048576K
}

