# JRE version: Java(TM) SE Runtime Environment (8.0_271-b09) (build 1.8.0_271-b09)
# Java VM: Java HotSpot(TM) 64-Bit Server VM (25.271-b09 mixed mode windows-amd64 compressed oops)
Heap:
 PSYoungGen      total 1311744K, used 380806K [0x000000076af80000, 0x00000007c0000000, 0x00000007c0000000)
  eden space 1241088K, 27% used [0x000000076af80000,0x000000078017aab0,0x00000007b6b80000)
  from space 70656K, 49% used [0x00000007bae80000,0x00000007bd066e80,0x00000007bf380000)
  to   space 68608K, 0% used [0x00000007b6b80000,0x00000007b6b80000,0x00000007bae80000)
 ParOldGen       total 450560K, used 238057K [0x00000006c0e00000, 0x00000006dc600000, 0x000000076af80000)
  object space 450560K, 52% used [0x00000006c0e00000,0x00000006cf67a460,0x00000006dc600000)
 Metaspace       used 58050K, capacity 64647K, committed 64896K, reserved 1103872K
  class space    used 8614K, capacity 10335K, committed 10368K, reserved 1048576K
GC Heap History (10 events):
Event: 17.295 GC heap before
{Heap before GC invocations=35 (full 3):
 PSYoungGen      total 1291264K, used 1290755K [0x000000076af80000, 0x00000007c0000000, 0x00000007c0000000)
  eden space 1240576K, 100% used [0x000000076af80000,0x00000007b6b00000,0x00000007b6b00000)
  from space 50688K, 98% used [0x00000007b6b00000,0x00000007b9c00cb8,0x00000007b9c80000)
  to   space 80896K, 0% used [0x00000007bb100000,0x00000007bb100000,0x00000007c0000000)
 ParOldGen       total 450560K, used 238025K [0x00000006c0e00000, 0x00000006dc600000, 0x000000076af80000)
  object space 450560K, 52% used [0x00000006c0e00000,0x00000006cf672460,0x00000006dc600000)
 Metaspace       used 57808K, capacity 64305K, committed 64384K, reserved 1103872K
  class space    used 8583K, capacity 10312K, committed 10368K, reserved 1048576K
Event: 17.308 GC heap after
Heap after GC invocations=35 (full 3):
 PSYoungGen      total 1312256K, used 42819K [0x000000076af80000, 0x00000007c0000000, 0x00000007c0000000)
  eden space 1231360K, 0% used [0x000000076af80000,0x000000076af80000,0x00000007b6200000)
  from space 80896K, 52% used [0x00000007bb100000,0x00000007bdad0e40,0x00000007c0000000)
  to   space 80896K, 0% used [0x00000007b6200000,0x00000007b6200000,0x00000007bb100000)
 ParOldGen       total 450560K, used 238033K [0x00000006c0e00000, 0x00000006dc600000, 0x000000076af80000)
  object space 450560K, 52% used [0x00000006c0e00000,0x00000006cf674460,0x00000006dc600000)
 Metaspace       used 57808K, capacity 64305K, committed 64384K, reserved 1103872K
  class space    used 8583K, capacity 10312K, committed 10368K, reserved 1048576K
}
Event: 17.711 GC heap before
{Heap before GC invocations=36 (full 3):
 PSYoungGen      total 1312256K, used 1274179K [0x000000076af80000, 0x00000007c0000000, 0x00000007c0000000)
  eden space 1231360K, 100% used [0x000000076af80000,0x00000007b6200000,0x00000007b6200000)
  from space 80896K, 52% used [0x00000007bb100000,0x00000007bdad0e40,0x00000007c0000000)
  to   space 80896K, 0% used [0x00000007b6200000,0x00000007b6200000,0x00000007bb100000)
 ParOldGen       total 450560K, used 238033K [0x00000006c0e00000, 0x00000006dc600000, 0x000000076af80000)
  object space 450560K, 52% used [0x00000006c0e00000,0x00000006cf674460,0x00000006dc600000)
 Metaspace       used 57846K, capacity 64409K, committed 64640K, reserved 1103872K
  class space    used 8591K, capacity 10320K, committed 10368K, reserved 1048576K
Event: 17.723 GC heap after
Heap after GC invocations=36 (full 3):
 PSYoungGen      total 1269760K, used 38003K [0x000000076af80000, 0x00000007bfd00000, 0x00000007c0000000)
  eden space 1231360K, 0% used [0x000000076af80000,0x000000076af80000,0x00000007b6200000)
  from space 38400K, 98% used [0x00000007b6200000,0x00000007b871ce70,0x00000007b8780000)
  to   space 79360K, 0% used [0x00000007baf80000,0x00000007baf80000,0x00000007bfd00000)
 ParOldGen       total 450560K, used 238041K [0x00000006c0e00000, 0x00000006dc600000, 0x000000076af80000)
  object space 450560K, 52% used [0x00000006c0e00000,0x00000006cf676460,0x00000006dc600000)
 Metaspace       used 57846K, capacity 64409K, committed 64640K, reserved 1103872K
  class space    used 8591K, capacity 10320K, committed 10368K, reserved 1048576K
}
Event: 18.094 GC heap before
{Heap before GC invocations=37 (full 3):
 PSYoungGen      total 1269760K, used 1269363K [0x000000076af80000, 0x00000007bfd00000, 0x00000007c0000000)
  eden space 1231360K, 100% used [0x000000076af80000,0x00000007b6200000,0x00000007b6200000)
  from space 38400K, 98% used [0x00000007b6200000,0x00000007b871ce70,0x00000007b8780000)
  to   space 79360K, 0% used [0x00000007baf80000,0x00000007baf80000,0x00000007bfd00000)
 ParOldGen       total 450560K, used 238041K [0x00000006c0e00000, 0x00000006dc600000, 0x000000076af80000)
  object space 450560K, 52% used [0x00000006c0e00000,0x00000006cf676460,0x00000006dc600000)
 Metaspace       used 57876K, capacity 64437K, committed 64640K, reserved 1103872K
  class space    used 8591K, capacity 10320K, committed 10368K, reserved 1048576K
Event: 18.103 GC heap after
Heap after GC invocations=37 (full 3):
 PSYoungGen      total 1315328K, used 30571K [0x000000076af80000, 0x00000007c0000000, 0x00000007c0000000)
  eden space 1235968K, 0% used [0x000000076af80000,0x000000076af80000,0x00000007b6680000)
  from space 79360K, 38% used [0x00000007baf80000,0x00000007bcd5ae78,0x00000007bfd00000)
  to   space 74752K, 0% used [0x00000007b6680000,0x00000007b6680000,0x00000007baf80000)
 ParOldGen       total 450560K, used 238049K [0x00000006c0e00000, 0x00000006dc600000, 0x000000076af80000)
  object space 450560K, 52% used [0x00000006c0e00000,0x00000006cf678460,0x00000006dc600000)
 Metaspace       used 57876K, capacity 64437K, committed 64640K, reserved 1103872K
  class space    used 8591K, capacity 10320K, committed 10368K, reserved 1048576K
}
Event: 18.478 GC heap before
{Heap before GC invocations=38 (full 3):
 PSYoungGen      total 1315328K, used 1266539K [0x000000076af80000, 0x00000007c0000000, 0x00000007c0000000)
  eden space 1235968K, 100% used [0x000000076af80000,0x00000007b6680000,0x00000007b6680000)
  from space 79360K, 38% used [0x00000007baf80000,0x00000007bcd5ae78,0x00000007bfd00000)
  to   space 74752K, 0% used [0x00000007b6680000,0x00000007b6680000,0x00000007baf80000)
 ParOldGen       total 450560K, used 238049K [0x00000006c0e00000, 0x00000006dc600000, 0x000000076af80000)
  object space 450560K, 52% used [0x00000006c0e00000,0x00000006cf678460,0x00000006dc600000)
 Metaspace       used 57876K, capacity 64437K, committed 64640K, reserved 1103872K
  class space    used 8591K, capacity 10320K, committed 10368K, reserved 1048576K
Event: 18.487 GC heap after
Heap after GC invocations=38 (full 3):
 PSYoungGen      total 1267200K, used 30811K [0x000000076af80000, 0x00000007bf380000, 0x00000007c0000000)
  eden space 1235968K, 0% used [0x000000076af80000,0x000000076af80000,0x00000007b6680000)
  from space 31232K, 98% used [0x00000007b6680000,0x00000007b8496eb8,0x00000007b8500000)
  to   space 70656K, 0% used [0x00000007bae80000,0x00000007bae80000,0x00000007bf380000)
 ParOldGen       total 450560K, used 238049K [0x00000006c0e00000, 0x00000006dc600000, 0x000000076af80000)
  object space 450560K, 52% used [0x00000006c0e00000,0x00000006cf678460,0x00000006dc600000)
 Metaspace       used 57876K, capacity 64437K, committed 64640K, reserved 1103872K
  class space    used 8591K, capacity 10320K, committed 10368K, reserved 1048576K
}
Event: 18.874 GC heap before
{Heap before GC invocations=39 (full 3):
 PSYoungGen      total 1267200K, used 1266779K [0x000000076af80000, 0x00000007bf380000, 0x00000007c0000000)
  eden space 1235968K, 100% used [0x000000076af80000,0x00000007b6680000,0x00000007b6680000)
  from space 31232K, 98% used [0x00000007b6680000,0x00000007b8496eb8,0x00000007b8500000)
  to   space 70656K, 0% used [0x00000007bae80000,0x00000007bae80000,0x00000007bf380000)
 ParOldGen       total 450560K, used 238049K [0x00000006c0e00000, 0x00000006dc600000, 0x000000076af80000)
  object space 450560K, 52% used [0x00000006c0e00000,0x00000006cf678460,0x00000006dc600000)
 Metaspace       used 57903K, capacity 64445K, committed 64640K, reserved 1103872K
  class space    used 8592K, capacity 10320K, committed 10368K, reserved 1048576K
Event: 18.889 GC heap after
Heap after GC invocations=39 (full 3):
 PSYoungGen      total 1311744K, used 34715K [0x000000076af80000, 0x00000007c0000000, 0x00000007c0000000)
  eden space 1241088K, 0% used [0x000000076af80000,0x000000076af80000,0x00000007b6b80000)
  from space 70656K, 49% used [0x00000007bae80000,0x00000007bd066e80,0x00000007bf380000)
  to   space 68608K, 0% used [0x00000007b6b80000,0x00000007b6b80000,0x00000007bae80000)
 ParOldGen       total 450560K, used 238057K [0x00000006c0e00000, 0x00000006dc600000, 0x000000076af80000)
  object space 450560K, 52% used [0x00000006c0e00000,0x00000006cf67a460,0x00000006dc600000)
 Metaspace       used 57903K, capacity 64445K, committed 64640K, reserved 1103872K
  class space    used 8592K, capacity 10320K, committed 10368K, reserved 1048576K
}

