# JRE version: Java(TM) SE Runtime Environment (8.0_271-b09) (build 1.8.0_271-b09)
# Java VM: Java HotSpot(TM) 64-Bit Server VM (25.271-b09 mixed mode windows-amd64 compressed oops)
Heap:
 PSYoungGen      total 301568K, used 178190K [0x000000076af80000, 0x0000000786380000, 0x00000007c0000000)
  eden space 259072K, 68% used [0x000000076af80000,0x0000000775d83ba8,0x000000077ac80000)
  from space 42496K, 0% used [0x000000077ac80000,0x000000077ac80000,0x000000077d600000)
  to   space 53760K, 0% used [0x0000000782f00000,0x0000000782f00000,0x0000000786380000)
 ParOldGen       total 290304K, used 108964K [0x00000006c0e00000, 0x00000006d2980000, 0x000000076af80000)
  object space 290304K, 37% used [0x00000006c0e00000,0x00000006c7869350,0x00000006d2980000)
 Metaspace       used 37965K, capacity 40823K, committed 40960K, reserved 1083392K
  class space    used 5398K, capacity 6134K, committed 6144K, reserved 1048576K
GC Heap History (10 events):
Event: 3.060 GC heap before
{Heap before GC invocations=7 (full 1):
 PSYoungGen      total 141824K, used 131072K [0x000000076af80000, 0x000000077f780000, 0x00000007c0000000)
  eden space 131072K, 100% used [0x000000076af80000,0x0000000772f80000,0x0000000772f80000)
  from space 10752K, 0% used [0x0000000772f80000,0x0000000772f80000,0x0000000773a00000)
  to   space 36864K, 0% used [0x000000077d380000,0x000000077d380000,0x000000077f780000)
 ParOldGen       total 184832K, used 59453K [0x00000006c0e00000, 0x00000006cc280000, 0x000000076af80000)
  object space 184832K, 32% used [0x00000006c0e00000,0x00000006c480f4e0,0x00000006cc280000)
 Metaspace       used 23535K, capacity 24194K, committed 24448K, reserved 1071104K
  class space    used 2896K, capacity 3111K, committed 3200K, reserved 1048576K
Event: 3.065 GC heap after
Heap after GC invocations=7 (full 1):
 PSYoungGen      total 193536K, used 5862K [0x000000076af80000, 0x000000077d980000, 0x00000007c0000000)
  eden space 187392K, 0% used [0x000000076af80000,0x000000076af80000,0x0000000776680000)
  from space 6144K, 95% used [0x000000077d380000,0x000000077d939ab0,0x000000077d980000)
  to   space 37888K, 0% used [0x0000000778f80000,0x0000000778f80000,0x000000077b480000)
 ParOldGen       total 184832K, used 59461K [0x00000006c0e00000, 0x00000006cc280000, 0x000000076af80000)
  object space 184832K, 32% used [0x00000006c0e00000,0x00000006c48114e0,0x00000006cc280000)
 Metaspace       used 23535K, capacity 24194K, committed 24448K, reserved 1071104K
  class space    used 2896K, capacity 3111K, committed 3200K, reserved 1048576K
}
Event: 3.804 GC heap before
{Heap before GC invocations=8 (full 1):
 PSYoungGen      total 193536K, used 193254K [0x000000076af80000, 0x000000077d980000, 0x00000007c0000000)
  eden space 187392K, 100% used [0x000000076af80000,0x0000000776680000,0x0000000776680000)
  from space 6144K, 95% used [0x000000077d380000,0x000000077d939ab0,0x000000077d980000)
  to   space 37888K, 0% used [0x0000000778f80000,0x0000000778f80000,0x000000077b480000)
 ParOldGen       total 184832K, used 59461K [0x00000006c0e00000, 0x00000006cc280000, 0x000000076af80000)
  object space 184832K, 32% used [0x00000006c0e00000,0x00000006c48114e0,0x00000006cc280000)
 Metaspace       used 28045K, capacity 29034K, committed 29312K, reserved 1075200K
  class space    used 3523K, capacity 3861K, committed 3968K, reserved 1048576K
Event: 3.826 GC heap after
Heap after GC invocations=8 (full 1):
 PSYoungGen      total 267264K, used 21423K [0x000000076af80000, 0x000000077fa00000, 0x00000007c0000000)
  eden space 229376K, 0% used [0x000000076af80000,0x000000076af80000,0x0000000778f80000)
  from space 37888K, 56% used [0x0000000778f80000,0x000000077a46bda0,0x000000077b480000)
  to   space 36864K, 0% used [0x000000077d600000,0x000000077d600000,0x000000077fa00000)
 ParOldGen       total 184832K, used 59469K [0x00000006c0e00000, 0x00000006cc280000, 0x000000076af80000)
  object space 184832K, 32% used [0x00000006c0e00000,0x00000006c48134e0,0x00000006cc280000)
 Metaspace       used 28045K, capacity 29034K, committed 29312K, reserved 1075200K
  class space    used 3523K, capacity 3861K, committed 3968K, reserved 1048576K
}
Event: 4.340 GC heap before
{Heap before GC invocations=9 (full 1):
 PSYoungGen      total 267264K, used 250799K [0x000000076af80000, 0x000000077fa00000, 0x00000007c0000000)
  eden space 229376K, 100% used [0x000000076af80000,0x0000000778f80000,0x0000000778f80000)
  from space 37888K, 56% used [0x0000000778f80000,0x000000077a46bda0,0x000000077b480000)
  to   space 36864K, 0% used [0x000000077d600000,0x000000077d600000,0x000000077fa00000)
 ParOldGen       total 184832K, used 59469K [0x00000006c0e00000, 0x00000006cc280000, 0x000000076af80000)
  object space 184832K, 32% used [0x00000006c0e00000,0x00000006c48134e0,0x00000006cc280000)
 Metaspace       used 30312K, capacity 31412K, committed 31744K, reserved 1077248K
  class space    used 3860K, capacity 4256K, committed 4352K, reserved 1048576K
Event: 4.368 GC heap after
Heap after GC invocations=9 (full 1):
 PSYoungGen      total 295936K, used 36841K [0x000000076af80000, 0x0000000784300000, 0x00000007c0000000)
  eden space 259072K, 0% used [0x000000076af80000,0x000000076af80000,0x000000077ac80000)
  from space 36864K, 99% used [0x000000077d600000,0x000000077f9fa440,0x000000077fa00000)
  to   space 42496K, 0% used [0x000000077ac80000,0x000000077ac80000,0x000000077d600000)
 ParOldGen       total 184832K, used 60536K [0x00000006c0e00000, 0x00000006cc280000, 0x000000076af80000)
  object space 184832K, 32% used [0x00000006c0e00000,0x00000006c491e3d0,0x00000006cc280000)
 Metaspace       used 30312K, capacity 31412K, committed 31744K, reserved 1077248K
  class space    used 3860K, capacity 4256K, committed 4352K, reserved 1048576K
}
Event: 4.674 GC heap before
{Heap before GC invocations=10 (full 1):
 PSYoungGen      total 295936K, used 121005K [0x000000076af80000, 0x0000000784300000, 0x00000007c0000000)
  eden space 259072K, 32% used [0x000000076af80000,0x00000007701b1298,0x000000077ac80000)
  from space 36864K, 99% used [0x000000077d600000,0x000000077f9fa440,0x000000077fa00000)
  to   space 42496K, 0% used [0x000000077ac80000,0x000000077ac80000,0x000000077d600000)
 ParOldGen       total 184832K, used 60536K [0x00000006c0e00000, 0x00000006cc280000, 0x000000076af80000)
  object space 184832K, 32% used [0x00000006c0e00000,0x00000006c491e3d0,0x00000006cc280000)
 Metaspace       used 33220K, capacity 35367K, committed 35416K, reserved 1079296K
  class space    used 4293K, capacity 4850K, committed 4864K, reserved 1048576K
Event: 4.710 GC heap after
Heap after GC invocations=10 (full 1):
 PSYoungGen      total 301568K, used 42472K [0x000000076af80000, 0x0000000786380000, 0x00000007c0000000)
  eden space 259072K, 0% used [0x000000076af80000,0x000000076af80000,0x000000077ac80000)
  from space 42496K, 99% used [0x000000077ac80000,0x000000077d5fa160,0x000000077d600000)
  to   space 53760K, 0% used [0x0000000782f00000,0x0000000782f00000,0x0000000786380000)
 ParOldGen       total 184832K, used 72779K [0x00000006c0e00000, 0x00000006cc280000, 0x000000076af80000)
  object space 184832K, 39% used [0x00000006c0e00000,0x00000006c5512c08,0x00000006cc280000)
 Metaspace       used 33220K, capacity 35367K, committed 35416K, reserved 1079296K
  class space    used 4293K, capacity 4850K, committed 4864K, reserved 1048576K
}
Event: 4.710 GC heap before
{Heap before GC invocations=11 (full 2):
 PSYoungGen      total 301568K, used 42472K [0x000000076af80000, 0x0000000786380000, 0x00000007c0000000)
  eden space 259072K, 0% used [0x000000076af80000,0x000000076af80000,0x000000077ac80000)
  from space 42496K, 99% used [0x000000077ac80000,0x000000077d5fa160,0x000000077d600000)
  to   space 53760K, 0% used [0x0000000782f00000,0x0000000782f00000,0x0000000786380000)
 ParOldGen       total 184832K, used 72779K [0x00000006c0e00000, 0x00000006cc280000, 0x000000076af80000)
  object space 184832K, 39% used [0x00000006c0e00000,0x00000006c5512c08,0x00000006cc280000)
 Metaspace       used 33220K, capacity 35367K, committed 35416K, reserved 1079296K
  class space    used 4293K, capacity 4850K, committed 4864K, reserved 1048576K
Event: 4.925 GC heap after
Heap after GC invocations=11 (full 2):
 PSYoungGen      total 301568K, used 0K [0x000000076af80000, 0x0000000786380000, 0x00000007c0000000)
  eden space 259072K, 0% used [0x000000076af80000,0x000000076af80000,0x000000077ac80000)
  from space 42496K, 0% used [0x000000077ac80000,0x000000077ac80000,0x000000077d600000)
  to   space 53760K, 0% used [0x0000000782f00000,0x0000000782f00000,0x0000000786380000)
 ParOldGen       total 290304K, used 108964K [0x00000006c0e00000, 0x00000006d2980000, 0x000000076af80000)
  object space 290304K, 37% used [0x00000006c0e00000,0x00000006c7869350,0x00000006d2980000)
 Metaspace       used 33218K, capacity 35361K, committed 35416K, reserved 1079296K
  class space    used 4292K, capacity 4849K, committed 4864K, reserved 1048576K
}

